2025-11-17 16:34:17,709 - feature_engineering - ERROR - File not found: params.yaml
2025-11-17 16:34:17,710 - feature_engineering - ERROR - Failed to complete the feature engineering process: [Errno 2] No such file or directory: 'params.yaml'
2025-11-17 16:34:56,900 - feature_engineering - ERROR - Unexpected error occurred while loading the data: [Errno 2] No such file or directory: './data/interim/train_processed.csv'
2025-11-17 16:34:56,901 - feature_engineering - ERROR - Failed to complete the feature engineering process: [Errno 2] No such file or directory: './data/interim/train_processed.csv'
2025-11-17 16:39:38,816 - feature_engineering - DEBUG - Data loaded and NaNs filled from ./data/interim/train_processed.csv
2025-11-17 16:39:38,820 - feature_engineering - DEBUG - Data loaded and NaNs filled from ./data/interim/test_processed.csv
2025-11-17 16:39:38,914 - feature_engineering - DEBUG - tfidf applied and data transformed
2025-11-17 16:39:39,053 - feature_engineering - DEBUG - Data saved to ./data/processed/train_tfidf.csv
2025-11-17 16:39:39,091 - feature_engineering - DEBUG - Data saved to ./data/processed/test_tfidf.csv
2025-11-18 03:36:41,526 - feature_engineering - DEBUG - Data loaded and NaNs filled from ./data/interim/train_processed.csv
2025-11-18 03:36:41,529 - feature_engineering - DEBUG - Data loaded and NaNs filled from ./data/interim/test_processed.csv
2025-11-18 03:36:41,607 - feature_engineering - DEBUG - tfidf applied and data transformed
2025-11-18 03:36:41,754 - feature_engineering - DEBUG - Data saved to ./data/processed/train_tfidf.csv
2025-11-18 03:36:41,846 - feature_engineering - DEBUG - Data saved to ./data/processed/test_tfidf.csv
2025-11-18 03:56:33,123 - feature_engineering - DEBUG - Parameters retrieved from params.yaml
2025-11-18 03:56:33,188 - feature_engineering - DEBUG - Data loaded and NaNs filled from ./data/interim/train_processed.csv
2025-11-18 03:56:33,207 - feature_engineering - DEBUG - Data loaded and NaNs filled from ./data/interim/test_processed.csv
2025-11-18 03:56:33,360 - feature_engineering - DEBUG - tfidf applied and data transformed
2025-11-18 03:56:33,452 - feature_engineering - DEBUG - Data saved to ./data/processed/train_tfidf.csv
2025-11-18 03:56:33,495 - feature_engineering - DEBUG - Data saved to ./data/processed/test_tfidf.csv
2025-11-18 04:29:28,492 - feature_engineering - DEBUG - Parameters retrieved from params.yaml
2025-11-18 04:29:28,509 - feature_engineering - DEBUG - Data loaded and NaNs filled from ./data/interim/train_processed.csv
2025-11-18 04:29:28,515 - feature_engineering - DEBUG - Data loaded and NaNs filled from ./data/interim/test_processed.csv
2025-11-18 04:29:28,728 - feature_engineering - DEBUG - tfidf applied and data transformed
2025-11-18 04:29:28,893 - feature_engineering - DEBUG - Data saved to ./data/processed/train_tfidf.csv
2025-11-18 04:29:28,952 - feature_engineering - DEBUG - Data saved to ./data/processed/test_tfidf.csv
