2025-11-17 16:43:14,491 - model_building - ERROR - File not found: params.yaml
2025-11-17 16:43:14,492 - model_building - ERROR - Failed to complete the model building process: [Errno 2] No such file or directory: 'params.yaml'
2025-11-17 16:44:54,191 - model_building - DEBUG - Data loaded from ./data/processed/train_tfidf.csv with shape (4152, 51)
2025-11-17 16:44:54,200 - model_building - DEBUG - Initializing RandomForest model with parameters: {'n_estimators': 25, 'random_state': 2}
2025-11-17 16:44:54,201 - model_building - DEBUG - Model training started with 4152 samples
2025-11-17 16:44:54,349 - model_building - DEBUG - Model training completed
2025-11-17 16:44:54,398 - model_building - DEBUG - Model saved to models/model.pkl
2025-11-18 03:36:51,266 - model_building - DEBUG - Data loaded from ./data/processed/train_tfidf.csv with shape (4152, 51)
2025-11-18 03:36:51,271 - model_building - DEBUG - Initializing RandomForest model with parameters: {'n_estimators': 25, 'random_state': 2}
2025-11-18 03:36:51,271 - model_building - DEBUG - Model training started with 4152 samples
2025-11-18 03:36:51,355 - model_building - DEBUG - Model training completed
2025-11-18 03:36:51,364 - model_building - DEBUG - Model saved to models/model.pkl
2025-11-18 03:56:45,808 - model_building - ERROR - Failed to complete the model building process: name 'yaml' is not defined
2025-11-18 03:57:42,534 - model_building - DEBUG - Parameters retrieved from params.yaml
2025-11-18 03:57:42,565 - model_building - DEBUG - Data loaded from ./data/processed/train_tfidf.csv with shape (4152, 51)
2025-11-18 03:57:42,571 - model_building - DEBUG - Initializing RandomForest model with parameters: {'n_estimators': 22, 'random_state': 2}
2025-11-18 03:57:42,573 - model_building - DEBUG - Model training started with 4152 samples
2025-11-18 03:57:42,677 - model_building - DEBUG - Model training completed
2025-11-18 03:57:42,694 - model_building - DEBUG - Model saved to models/model.pkl
2025-11-18 04:29:47,303 - model_building - DEBUG - Parameters retrieved from params.yaml
2025-11-18 04:29:47,333 - model_building - DEBUG - Data loaded from ./data/processed/train_tfidf.csv with shape (4152, 51)
2025-11-18 04:29:47,339 - model_building - DEBUG - Initializing RandomForest model with parameters: {'n_estimators': 20, 'random_state': 2}
2025-11-18 04:29:47,339 - model_building - DEBUG - Model training started with 4152 samples
2025-11-18 04:29:47,427 - model_building - DEBUG - Model training completed
2025-11-18 04:29:47,442 - model_building - DEBUG - Model saved to models/model.pkl
2025-11-18 04:42:02,687 - model_building - DEBUG - Parameters retrieved from params.yaml
2025-11-18 04:42:02,771 - model_building - DEBUG - Data loaded from ./data/processed/train_tfidf.csv with shape (4152, 51)
2025-11-18 04:42:02,795 - model_building - DEBUG - Initializing RandomForest model with parameters: {'n_estimators': 24, 'random_state': 2}
2025-11-18 04:42:02,796 - model_building - DEBUG - Model training started with 4152 samples
2025-11-18 04:42:03,011 - model_building - DEBUG - Model training completed
2025-11-18 04:42:03,039 - model_building - DEBUG - Model saved to models/model.pkl
2025-11-18 04:53:24,537 - model_building - DEBUG - Parameters retrieved from params.yaml
2025-11-18 04:53:24,591 - model_building - DEBUG - Data loaded from ./data/processed/train_tfidf.csv with shape (4152, 51)
2025-11-18 04:53:24,600 - model_building - DEBUG - Initializing RandomForest model with parameters: {'n_estimators': 23, 'random_state': 2}
2025-11-18 04:53:24,601 - model_building - DEBUG - Model training started with 4152 samples
2025-11-18 04:53:24,748 - model_building - DEBUG - Model training completed
2025-11-18 04:53:24,768 - model_building - DEBUG - Model saved to models/model.pkl
